<?xml version="1.0" encoding="UTF-8"?>
<testsuite xmlns:xsi="http://www.w3.org/2001/XMLSchema-instance" xsi:noNamespaceSchemaLocation="https://maven.apache.org/surefire/maven-surefire-plugin/xsd/surefire-test-report.xsd" name="sig.oss.calc.CalcTest" time="0.082" tests="2" errors="0" skipped="0" failures="0">
  <properties>
    <property name="sun.desktop" value="windows"/>
    <property name="awt.toolkit" value="sun.awt.windows.WToolkit"/>
    <property name="file.encoding.pkg" value="sun.io"/>
    <property name="java.specification.version" value="1.8"/>
    <property name="sun.cpu.isalist" value="amd64"/>
    <property name="sun.jnu.encoding" value="MS949"/>
    <property name="java.class.path" value="C:\Users\KBJ\Documents\_JAVA_JSP_SPRING_JavaExample\Spring_Lecture_Study_works20201129\calc\target\test-classes;C:\Users\KBJ\Documents\_JAVA_JSP_SPRING_JavaExample\Spring_Lecture_Study_works20201129\calc\target\classes;C:\Users\KBJ\.m2\repository\junit\junit\4.12\junit-4.12.jar;C:\Users\KBJ\.m2\repository\org\hamcrest\hamcrest-core\1.3\hamcrest-core-1.3.jar;"/>
    <property name="java.vm.vendor" value="Oracle Corporation"/>
    <property name="sun.arch.data.model" value="64"/>
    <property name="user.variant" value=""/>
    <property name="java.vendor.url" value="http://java.oracle.com/"/>
    <property name="user.timezone" value="Asia/Seoul"/>
    <property name="java.vm.specification.version" value="1.8"/>
    <property name="os.name" value="Windows 10"/>
    <property name="user.country" value="KR"/>
    <property name="sun.java.launcher" value="SUN_STANDARD"/>
    <property name="sun.boot.library.path" value="C:\Program Files\Java\jdk1.8.0_171\jre\bin"/>
    <property name="sun.java.command" value="C:\Users\KBJ\AppData\Local\Temp\surefire2979228270873110698\surefirebooter7340789028827174130.jar C:\Users\KBJ\AppData\Local\Temp\surefire2979228270873110698 2020-12-17T17-33-25_030-jvmRun1 surefire7904188143933276559tmp surefire_03413250563072076377tmp"/>
    <property name="surefire.test.class.path" value="C:\Users\KBJ\Documents\_JAVA_JSP_SPRING_JavaExample\Spring_Lecture_Study_works20201129\calc\target\test-classes;C:\Users\KBJ\Documents\_JAVA_JSP_SPRING_JavaExample\Spring_Lecture_Study_works20201129\calc\target\classes;C:\Users\KBJ\.m2\repository\junit\junit\4.12\junit-4.12.jar;C:\Users\KBJ\.m2\repository\org\hamcrest\hamcrest-core\1.3\hamcrest-core-1.3.jar;"/>
    <property name="sun.cpu.endian" value="little"/>
    <property name="user.home" value="C:\Users\KBJ"/>
    <property name="user.language" value="ko"/>
    <property name="java.specification.vendor" value="Oracle Corporation"/>
    <property name="java.home" value="C:\Program Files\Java\jdk1.8.0_171\jre"/>
    <property name="basedir" value="C:\Users\KBJ\Documents\_JAVA_JSP_SPRING_JavaExample\Spring_Lecture_Study_works20201129\calc"/>
    <property name="file.separator" value="\"/>
    <property name="line.separator" value="&#10;"/>
    <property name="java.vm.specification.vendor" value="Oracle Corporation"/>
    <property name="java.specification.name" value="Java Platform API Specification"/>
    <property name="java.awt.graphicsenv" value="sun.awt.Win32GraphicsEnvironment"/>
    <property name="surefire.real.class.path" value="C:\Users\KBJ\AppData\Local\Temp\surefire2979228270873110698\surefirebooter7340789028827174130.jar"/>
    <property name="sun.boot.class.path" value="C:\Program Files\Java\jdk1.8.0_171\jre\lib\resources.jar;C:\Program Files\Java\jdk1.8.0_171\jre\lib\rt.jar;C:\Program Files\Java\jdk1.8.0_171\jre\lib\sunrsasign.jar;C:\Program Files\Java\jdk1.8.0_171\jre\lib\jsse.jar;C:\Program Files\Java\jdk1.8.0_171\jre\lib\jce.jar;C:\Program Files\Java\jdk1.8.0_171\jre\lib\charsets.jar;C:\Program Files\Java\jdk1.8.0_171\jre\lib\jfr.jar;C:\Program Files\Java\jdk1.8.0_171\jre\classes"/>
    <property name="user.script" value=""/>
    <property name="sun.management.compiler" value="HotSpot 64-Bit Tiered Compilers"/>
    <property name="java.runtime.version" value="1.8.0_171-b11"/>
    <property name="user.name" value="KBJ"/>
    <property name="path.separator" value=";"/>
    <property name="os.version" value="10.0"/>
    <property name="java.endorsed.dirs" value="C:\Program Files\Java\jdk1.8.0_171\jre\lib\endorsed"/>
    <property name="java.runtime.name" value="Java(TM) SE Runtime Environment"/>
    <property name="file.encoding" value="MS949"/>
    <property name="java.vm.name" value="Java HotSpot(TM) 64-Bit Server VM"/>
    <property name="localRepository" value="C:\Users\KBJ\.m2\repository"/>
    <property name="java.vendor.url.bug" value="http://bugreport.sun.com/bugreport/"/>
    <property name="java.io.tmpdir" value="C:\Users\KBJ\AppData\Local\Temp\"/>
    <property name="java.version" value="1.8.0_171"/>
    <property name="user.dir" value="C:\Users\KBJ\Documents\_JAVA_JSP_SPRING_JavaExample\Spring_Lecture_Study_works20201129\calc"/>
    <property name="os.arch" value="amd64"/>
    <property name="java.vm.specification.name" value="Java Virtual Machine Specification"/>
    <property name="java.awt.printerjob" value="sun.awt.windows.WPrinterJob"/>
    <property name="sun.os.patch.level" value=""/>
    <property name="java.library.path" value="C:\Program Files\Java\jdk1.8.0_171\jre\bin;C:\WINDOWS\Sun\Java\bin;C:\WINDOWS\system32;C:\WINDOWS;C:/Program Files/Java/jdk1.8.0_171/bin/../jre/bin/server;C:/Program Files/Java/jdk1.8.0_171/bin/../jre/bin;C:/Program Files/Java/jdk1.8.0_171/bin/../jre/lib/amd64;C:\h2\bin;&quot;C:\Program Files\MariaDB 10.1&quot;\bin;C:\Program Files\Java\jdk1.8.0_171\bin;C:\apache-maven-3.5.2\bin;C:\oracle_vc_redist\instantclient_11_2;C:\Program Files (x86)\Common Files\Oracle\Java\javapath;C:\oraclexe\app\oracle\product\11.2.0\server\bin;C:\Program Files (x86)\Intel\iCLS Client\;C:\Program Files\Intel\iCLS Client\;C:\WINDOWS\system32;C:\WINDOWS;C:\WINDOWS\System32\Wbem;C:\WINDOWS\System32\WindowsPowerShell\v1.0\;C:\Program Files (x86)\Intel\Intel(R) Management Engine Components\DAL;C:\Program Files\Intel\Intel(R) Management Engine Components\DAL;C:\Program Files (x86)\Intel\Intel(R) Management Engine Components\IPT;C:\Program Files\Intel\Intel(R) Management Engine Components\IPT;C:\Program Files\Intel\WiFi\bin\;C:\Program Files\Common Files\Intel\WirelessCommon\;C:\Program Files\MySQL\MySQL Server 5.7\bin;C:\sqlite3;C:\Program Files\PuTTY\;C:\WINDOWS\System32\OpenSSH\;C:\Program Files\MongoDB\Server\4.0\bin;C:\Program Files\Git\cmd;C:\MinGW\bin;C:\Program Files (x86)\Yarn\bin\;C:\Users\KBJ\AppData\Local\Programs\Python\Python37-32\Lib\site-packages\pyqt5_tools\Qt\bin;C:\src\flutter\bin;C:\Users\KBJ\AppData\Local\Android\Sdk\tools;C:\Users\KBJ\AppData\Local\Android\Sdk\platform-tools;C:\Users\KBJ\AppData\Local\Android\Sdk\build-tools;C:\hybridApp\apache-ant-1.9.7\bin;C:\gradle\gradle-6.7\bin;C:\Program Files\nodejs\;C:\Users\KBJ\AppData\Local\Microsoft\WindowsApps;C:\Program Files\JetBrains\PyCharm Community Edition 2018.3.2\bin;C:\Users\KBJ\AppData\Local\hyper\app-2.1.2\resources\bin;C:\Program Files\JetBrains\WebStorm 2019.1.3\bin;C:\Users\KBJ\AppData\Local\Microsoft\WindowsApps;C:\Users\KBJ\AppData\Local\Yarn\bin;C:\Users\KBJ\AppData\Local\Programs\Microsoft VS Code\bin;C:\Program Files\heroku\bin;C:\Program Files\JetBrains\PyCharm Community Edition 2020.2\bin;;C:\sqlite3;;C:\Program Files\JetBrains\WebStorm 2020.1.2\bin;;C:\Users\KBJ\AppData\Roaming\npm;C:\Program Files (x86)\ESTsoft\ALSee\x64;C:\eclipse;;."/>
    <property name="java.vm.info" value="mixed mode"/>
    <property name="java.vendor" value="Oracle Corporation"/>
    <property name="java.vm.version" value="25.171-b11"/>
    <property name="java.ext.dirs" value="C:\Program Files\Java\jdk1.8.0_171\jre\lib\ext;C:\WINDOWS\Sun\Java\lib\ext"/>
    <property name="sun.io.unicode.encoding" value="UnicodeLittle"/>
    <property name="java.class.version" value="52.0"/>
  </properties>
  <testcase name="testAdd" classname="sig.oss.calc.CalcTest" time="0.007"/>
  <testcase name="testSub" classname="sig.oss.calc.CalcTest" time="0"/>
</testsuite>